13:52:35.326 [background-preinit] INFO  o.h.validator.internal.util.Version - HV000001: Hibernate Validator 8.0.1.Final
13:52:35.361 [main] INFO  org.unicam.intermediate.Application - Starting Application using Java 17.0.15 with PID 5032 (D:\Universita\CS\BPMNEnv-Camunda\target\classes started by Andrea in D:\Universita\CS\BPMNEnv-Camunda)
13:52:35.361 [main] INFO  org.unicam.intermediate.Application - No active profile set, falling back to 1 default profile: "default"
13:52:36.177 [main] INFO  o.s.b.w.e.tomcat.TomcatWebServer - Tomcat initialized with port 8080 (http)
13:52:36.184 [main] INFO  o.a.coyote.http11.Http11NioProtocol - Initializing ProtocolHandler ["http-nio-8080"]
13:52:36.185 [main] INFO  o.a.catalina.core.StandardService - Starting service [Tomcat]
13:52:36.185 [main] INFO  o.a.catalina.core.StandardEngine - Starting Servlet engine: [Apache Tomcat/10.1.20]
13:52:36.235 [main] INFO  o.a.c.c.C.[Tomcat].[localhost].[/] - Initializing Spring embedded WebApplicationContext
13:52:36.235 [main] INFO  o.s.b.w.s.c.ServletWebServerApplicationContext - Root WebApplicationContext: initialization completed in 847 ms
13:52:36.251 [main] INFO  o.c.b.s.b.s.r.CamundaJerseyResourceConfig - Configuring camunda rest api.
13:52:36.264 [main] INFO  o.c.b.s.b.s.r.CamundaJerseyResourceConfig - Finished configuring camunda rest api.
13:52:36.451 [main] INFO  o.s.j.d.e.EmbeddedDatabaseFactory - Starting embedded database: url='jdbc:h2:mem:9d34d825-0f89-4109-b5f3-8ae41a1a38a3;DB_CLOSE_DELAY=-1;DB_CLOSE_ON_EXIT=false', username='sa'
13:52:36.604 [main] INFO  org.camunda.bpm.spring.boot - STARTER-SB040 Setting up jobExecutor with corePoolSize=3, maxPoolSize:10
13:52:36.648 [main] INFO  org.camunda.bpm.engine.cfg - ENGINE-12003 Plugin 'CompositeProcessEnginePlugin[genericPropertiesConfiguration, camundaConfig, camundaProcessEngineConfiguration, camundaDatasourceConfiguration, camundaJobConfiguration, camundaHistoryConfiguration, camundaMetricsConfiguration, camundaAuthorizationConfiguration, camundaDeploymentConfiguration, failedJobConfiguration, , eventPublisherPlugin, ApplicationContextClassloaderSwitchPlugin]' activated on process engine 'default'
13:52:37.069 [main] INFO  org.camunda.bpm.spring.boot - STARTER-SB021 Auto-Deploying resources: [file [D:\Universita\CS\BPMNEnv-Camunda\target\classes\diagram-23.bpmn], file [D:\Universita\CS\BPMNEnv-Camunda\target\classes\TemperatureTest.bpmn]]
13:52:37.071 [main] INFO  o.c.b.s.b.s.e.EventPublisherPlugin - EVENTING-001: Initialized Camunda Spring Boot Eventing Engine Plugin.
13:52:37.071 [main] INFO  o.c.b.s.b.s.e.EventPublisherPlugin - EVENTING-003: Task events will be published as Spring Events.
13:52:37.071 [main] INFO  o.c.b.s.b.s.e.EventPublisherPlugin - EVENTING-005: Execution events will be published as Spring Events.
13:52:37.071 [main] INFO  o.c.b.s.b.s.e.EventPublisherPlugin - EVENTING-009: Listeners will not be invoked if a skipCustomListeners API parameter is set to true by user.
13:52:37.073 [main] INFO  o.c.b.s.b.s.e.EventPublisherPlugin - EVENTING-007: History events will be published as Spring events.
13:52:38.522 [main] INFO  org.camunda.bpm.engine.persistence - ENGINE-03016 Performing database operation 'create' on component 'engine' with resource 'org/camunda/bpm/engine/db/create/activiti.h2.create.engine.sql'
13:52:38.540 [main] INFO  org.camunda.bpm.engine.persistence - ENGINE-03016 Performing database operation 'create' on component 'history' with resource 'org/camunda/bpm/engine/db/create/activiti.h2.create.history.sql'
13:52:38.545 [main] INFO  org.camunda.bpm.engine.persistence - ENGINE-03016 Performing database operation 'create' on component 'identity' with resource 'org/camunda/bpm/engine/db/create/activiti.h2.create.identity.sql'
13:52:38.550 [main] INFO  org.camunda.bpm.engine.persistence - ENGINE-03016 Performing database operation 'create' on component 'case.engine' with resource 'org/camunda/bpm/engine/db/create/activiti.h2.create.case.engine.sql'
13:52:38.552 [main] INFO  org.camunda.bpm.engine.persistence - ENGINE-03016 Performing database operation 'create' on component 'case.history' with resource 'org/camunda/bpm/engine/db/create/activiti.h2.create.case.history.sql'
13:52:38.553 [main] INFO  org.camunda.bpm.engine.persistence - ENGINE-03016 Performing database operation 'create' on component 'decision.engine' with resource 'org/camunda/bpm/engine/db/create/activiti.h2.create.decision.engine.sql'
13:52:38.555 [main] INFO  org.camunda.bpm.engine.persistence - ENGINE-03016 Performing database operation 'create' on component 'decision.history' with resource 'org/camunda/bpm/engine/db/create/activiti.h2.create.decision.history.sql'
13:52:38.575 [main] INFO  org.camunda.bpm.engine.persistence - ENGINE-03067 No history level property found in database
13:52:38.577 [main] INFO  org.camunda.bpm.engine.persistence - ENGINE-03065 Creating historyLevel property in database for level: HistoryLevelFull(name=full, id=3)
13:52:38.587 [main] INFO  org.camunda.bpm.engine - ENGINE-00001 Process Engine default created.
13:52:38.934 [main] INFO  o.c.b.s.b.s.w.f.LazyInitRegistration - lazy initialized org.camunda.bpm.spring.boot.starter.webapp.filter.LazyProcessEnginesFilter@6ec63f8
13:52:38.969 [main] INFO  o.c.b.s.b.s.w.f.LazyInitRegistration - lazy initialized org.camunda.bpm.spring.boot.starter.webapp.filter.LazySecurityFilter@40bb4f87
13:52:39.010 [main] INFO  o.a.coyote.http11.Http11NioProtocol - Starting ProtocolHandler ["http-nio-8080"]
13:52:39.022 [main] INFO  o.s.b.w.e.tomcat.TomcatWebServer - Tomcat started on port 8080 (http) with context path ''
13:52:39.028 [main] INFO  org.unicam.intermediate.Application - Started Application in 3.939 seconds (process running for 4.683)
13:52:39.029 [main] INFO  org.camunda.bpm.engine.jobexecutor - ENGINE-14014 Starting up the JobExecutor[org.camunda.bpm.engine.spring.components.jobexecutor.SpringJobExecutor].
13:52:39.030 [JobExecutor[org.camunda.bpm.engine.spring.components.jobexecutor.SpringJobExecutor]] INFO  org.camunda.bpm.engine.jobexecutor - ENGINE-14018 JobExecutor[org.camunda.bpm.engine.spring.components.jobexecutor.SpringJobExecutor] starting to acquire jobs
13:53:06.666 [http-nio-8080-exec-1] INFO  o.a.c.c.C.[Tomcat].[localhost].[/] - Initializing Spring DispatcherServlet 'dispatcherServlet'
13:53:06.667 [http-nio-8080-exec-1] INFO  o.s.web.servlet.DispatcherServlet - Initializing Servlet 'dispatcherServlet'
13:53:06.667 [http-nio-8080-exec-1] INFO  o.s.web.servlet.DispatcherServlet - Completed initialization in 0 ms
13:55:12.429 [http-nio-8080-exec-8] INFO  o.u.i.activity.WaitStateActivity - [MOVEMENT: Wait state] Activity ID Move_To_Destination is waiting for an event.
13:59:20.821 [SpringApplicationShutdownHook] INFO  org.camunda.bpm.engine.jobexecutor - ENGINE-14015 Shutting down the JobExecutor[org.camunda.bpm.engine.spring.components.jobexecutor.SpringJobExecutor]
13:59:20.821 [JobExecutor[org.camunda.bpm.engine.spring.components.jobexecutor.SpringJobExecutor]] INFO  org.camunda.bpm.engine.jobexecutor - ENGINE-14020 JobExecutor[org.camunda.bpm.engine.spring.components.jobexecutor.SpringJobExecutor] stopped job acquisition
13:59:20.822 [SpringApplicationShutdownHook] INFO  org.camunda.bpm.engine - ENGINE-00007 Process Engine default closed
13:59:20.823 [SpringApplicationShutdownHook] INFO  o.s.j.d.e.EmbeddedDatabaseFactory - Shutting down embedded database: url='jdbc:h2:mem:9d34d825-0f89-4109-b5f3-8ae41a1a38a3;DB_CLOSE_DELAY=-1;DB_CLOSE_ON_EXIT=false'
14:13:51.283 [background-preinit] INFO  o.h.validator.internal.util.Version - HV000001: Hibernate Validator 8.0.1.Final
14:13:51.313 [main] INFO  org.unicam.intermediate.Application - Starting Application using Java 17.0.15 with PID 12728 (D:\Universita\CS\BPMNEnv-Camunda\target\classes started by Andrea in D:\Universita\CS\BPMNEnv-Camunda)
14:13:51.313 [main] INFO  org.unicam.intermediate.Application - No active profile set, falling back to 1 default profile: "default"
14:13:51.927 [main] INFO  o.s.b.w.e.tomcat.TomcatWebServer - Tomcat initialized with port 8080 (http)
14:13:51.933 [main] INFO  o.a.coyote.http11.Http11NioProtocol - Initializing ProtocolHandler ["http-nio-8080"]
14:13:51.934 [main] INFO  o.a.catalina.core.StandardService - Starting service [Tomcat]
14:13:51.935 [main] INFO  o.a.catalina.core.StandardEngine - Starting Servlet engine: [Apache Tomcat/10.1.20]
14:13:51.977 [main] INFO  o.a.c.c.C.[Tomcat].[localhost].[/] - Initializing Spring embedded WebApplicationContext
14:13:51.978 [main] INFO  o.s.b.w.s.c.ServletWebServerApplicationContext - Root WebApplicationContext: initialization completed in 640 ms
14:13:51.991 [main] INFO  o.c.b.s.b.s.r.CamundaJerseyResourceConfig - Configuring camunda rest api.
14:13:52.001 [main] INFO  o.c.b.s.b.s.r.CamundaJerseyResourceConfig - Finished configuring camunda rest api.
14:13:52.150 [main] WARN  o.s.b.w.s.c.AnnotationConfigServletWebServerApplicationContext - Exception encountered during context initialization - cancelling refresh attempt: org.springframework.beans.factory.UnsatisfiedDependencyException: Error creating bean with name 'movementController': Unsatisfied dependency expressed through field 'runtimeService': Error creating bean with name 'org.camunda.bpm.engine.spring.SpringProcessEngineServicesConfiguration': Unsatisfied dependency expressed through field 'processEngine': Error creating bean with name 'org.camunda.bpm.spring.boot.starter.CamundaBpmAutoConfiguration$ProcessEngineConfigurationImplDependingConfiguration': Unsatisfied dependency expressed through field 'processEngineConfigurationImpl': Error creating bean with name 'processEngineConfigurationImpl' defined in class path resource [org/camunda/bpm/spring/boot/starter/CamundaBpmConfiguration.class]: Unsatisfied dependency expressed through method 'processEngineConfigurationImpl' parameter 0: Error creating bean with name 'camundaDatasourceConfiguration': Unsatisfied dependency expressed through field 'transactionManager': No qualifying bean of type 'org.springframework.transaction.PlatformTransactionManager' available: expected at least 1 bean which qualifies as autowire candidate. Dependency annotations: {@org.springframework.beans.factory.annotation.Autowired(required=true)}
14:13:52.152 [main] INFO  o.a.catalina.core.StandardService - Stopping service [Tomcat]
14:13:52.160 [main] INFO  o.s.b.a.l.ConditionEvaluationReportLogger - 

Error starting ApplicationContext. To display the condition evaluation report re-run your application with 'debug' enabled.
14:13:52.173 [main] ERROR o.s.b.d.LoggingFailureAnalysisReporter - 

***************************
APPLICATION FAILED TO START
***************************

Description:

Field transactionManager in org.camunda.bpm.spring.boot.starter.configuration.impl.DefaultDatasourceConfiguration required a bean of type 'org.springframework.transaction.PlatformTransactionManager' that could not be found.

The injection point has the following annotations:
	- @org.springframework.beans.factory.annotation.Autowired(required=true)


Action:

Consider defining a bean of type 'org.springframework.transaction.PlatformTransactionManager' in your configuration.

14:14:34.941 [background-preinit] INFO  o.h.validator.internal.util.Version - HV000001: Hibernate Validator 8.0.1.Final
14:14:34.971 [main] INFO  org.unicam.intermediate.Application - Starting Application using Java 17.0.15 with PID 9928 (D:\Universita\CS\BPMNEnv-Camunda\target\classes started by Andrea in D:\Universita\CS\BPMNEnv-Camunda)
14:14:34.972 [main] INFO  org.unicam.intermediate.Application - No active profile set, falling back to 1 default profile: "default"
14:14:35.653 [main] INFO  o.s.b.w.e.tomcat.TomcatWebServer - Tomcat initialized with port 8080 (http)
14:14:35.659 [main] INFO  o.a.coyote.http11.Http11NioProtocol - Initializing ProtocolHandler ["http-nio-8080"]
14:14:35.660 [main] INFO  o.a.catalina.core.StandardService - Starting service [Tomcat]
14:14:35.660 [main] INFO  o.a.catalina.core.StandardEngine - Starting Servlet engine: [Apache Tomcat/10.1.20]
14:14:35.711 [main] INFO  o.a.c.c.C.[Tomcat].[localhost].[/] - Initializing Spring embedded WebApplicationContext
14:14:35.711 [main] INFO  o.s.b.w.s.c.ServletWebServerApplicationContext - Root WebApplicationContext: initialization completed in 713 ms
14:14:35.725 [main] INFO  o.c.b.s.b.s.r.CamundaJerseyResourceConfig - Configuring camunda rest api.
14:14:35.736 [main] INFO  o.c.b.s.b.s.r.CamundaJerseyResourceConfig - Finished configuring camunda rest api.
14:14:35.905 [main] INFO  o.s.j.d.e.EmbeddedDatabaseFactory - Starting embedded database: url='jdbc:h2:mem:0ff54f73-f581-42d1-a6e7-7bab1fa4f30a;DB_CLOSE_DELAY=-1;DB_CLOSE_ON_EXIT=false', username='sa'
14:14:36.046 [main] INFO  org.camunda.bpm.spring.boot - STARTER-SB040 Setting up jobExecutor with corePoolSize=3, maxPoolSize:10
14:14:36.084 [main] INFO  org.camunda.bpm.engine.cfg - ENGINE-12003 Plugin 'CompositeProcessEnginePlugin[genericPropertiesConfiguration, camundaConfig, camundaProcessEngineConfiguration, camundaDatasourceConfiguration, camundaJobConfiguration, camundaHistoryConfiguration, camundaMetricsConfiguration, camundaAuthorizationConfiguration, camundaDeploymentConfiguration, failedJobConfiguration, , eventPublisherPlugin, ApplicationContextClassloaderSwitchPlugin]' activated on process engine 'default'
14:14:36.520 [main] INFO  org.camunda.bpm.spring.boot - STARTER-SB021 Auto-Deploying resources: [file [D:\Universita\CS\BPMNEnv-Camunda\target\classes\diagram-23.bpmn], file [D:\Universita\CS\BPMNEnv-Camunda\target\classes\TemperatureTest.bpmn]]
14:14:36.522 [main] INFO  o.c.b.s.b.s.e.EventPublisherPlugin - EVENTING-001: Initialized Camunda Spring Boot Eventing Engine Plugin.
14:14:36.522 [main] INFO  o.c.b.s.b.s.e.EventPublisherPlugin - EVENTING-003: Task events will be published as Spring Events.
14:14:36.522 [main] INFO  o.c.b.s.b.s.e.EventPublisherPlugin - EVENTING-005: Execution events will be published as Spring Events.
14:14:36.522 [main] INFO  o.c.b.s.b.s.e.EventPublisherPlugin - EVENTING-009: Listeners will not be invoked if a skipCustomListeners API parameter is set to true by user.
14:14:36.523 [main] INFO  o.c.b.s.b.s.e.EventPublisherPlugin - EVENTING-007: History events will be published as Spring events.
14:14:37.785 [main] INFO  org.camunda.bpm.engine.persistence - ENGINE-03016 Performing database operation 'create' on component 'engine' with resource 'org/camunda/bpm/engine/db/create/activiti.h2.create.engine.sql'
14:14:37.802 [main] INFO  org.camunda.bpm.engine.persistence - ENGINE-03016 Performing database operation 'create' on component 'history' with resource 'org/camunda/bpm/engine/db/create/activiti.h2.create.history.sql'
14:14:37.807 [main] INFO  org.camunda.bpm.engine.persistence - ENGINE-03016 Performing database operation 'create' on component 'identity' with resource 'org/camunda/bpm/engine/db/create/activiti.h2.create.identity.sql'
14:14:37.811 [main] INFO  org.camunda.bpm.engine.persistence - ENGINE-03016 Performing database operation 'create' on component 'case.engine' with resource 'org/camunda/bpm/engine/db/create/activiti.h2.create.case.engine.sql'
14:14:37.813 [main] INFO  org.camunda.bpm.engine.persistence - ENGINE-03016 Performing database operation 'create' on component 'case.history' with resource 'org/camunda/bpm/engine/db/create/activiti.h2.create.case.history.sql'
14:14:37.814 [main] INFO  org.camunda.bpm.engine.persistence - ENGINE-03016 Performing database operation 'create' on component 'decision.engine' with resource 'org/camunda/bpm/engine/db/create/activiti.h2.create.decision.engine.sql'
14:14:37.816 [main] INFO  org.camunda.bpm.engine.persistence - ENGINE-03016 Performing database operation 'create' on component 'decision.history' with resource 'org/camunda/bpm/engine/db/create/activiti.h2.create.decision.history.sql'
14:14:37.835 [main] INFO  org.camunda.bpm.engine.persistence - ENGINE-03067 No history level property found in database
14:14:37.836 [main] INFO  org.camunda.bpm.engine.persistence - ENGINE-03065 Creating historyLevel property in database for level: HistoryLevelFull(name=full, id=3)
14:14:37.846 [main] INFO  org.camunda.bpm.engine - ENGINE-00001 Process Engine default created.
14:14:38.177 [main] INFO  o.c.b.s.b.s.w.f.LazyInitRegistration - lazy initialized org.camunda.bpm.spring.boot.starter.webapp.filter.LazyProcessEnginesFilter@168ad26f
14:14:38.210 [main] INFO  o.c.b.s.b.s.w.f.LazyInitRegistration - lazy initialized org.camunda.bpm.spring.boot.starter.webapp.filter.LazySecurityFilter@55acec99
14:14:38.249 [main] INFO  o.a.coyote.http11.Http11NioProtocol - Starting ProtocolHandler ["http-nio-8080"]
14:14:38.260 [main] INFO  o.s.b.w.e.tomcat.TomcatWebServer - Tomcat started on port 8080 (http) with context path ''
14:14:38.266 [main] INFO  org.unicam.intermediate.Application - Started Application in 3.529 seconds (process running for 4.037)
14:14:38.267 [main] INFO  org.camunda.bpm.engine.jobexecutor - ENGINE-14014 Starting up the JobExecutor[org.camunda.bpm.engine.spring.components.jobexecutor.SpringJobExecutor].
14:14:38.268 [JobExecutor[org.camunda.bpm.engine.spring.components.jobexecutor.SpringJobExecutor]] INFO  org.camunda.bpm.engine.jobexecutor - ENGINE-14018 JobExecutor[org.camunda.bpm.engine.spring.components.jobexecutor.SpringJobExecutor] starting to acquire jobs
14:14:57.418 [http-nio-8080-exec-1] INFO  o.a.c.c.C.[Tomcat].[localhost].[/] - Initializing Spring DispatcherServlet 'dispatcherServlet'
14:14:57.418 [http-nio-8080-exec-1] INFO  o.s.web.servlet.DispatcherServlet - Initializing Servlet 'dispatcherServlet'
14:14:57.419 [http-nio-8080-exec-1] INFO  o.s.web.servlet.DispatcherServlet - Completed initialization in 1 ms
14:15:53.342 [camundaTaskExecutor-1] INFO  o.u.i.d.AnalyzeTemperatureDelegate - isCritical: false
14:16:28.375 [camundaTaskExecutor-2] INFO  o.u.i.d.AnalyzeTemperatureDelegate - isCritical: true
14:16:28.376 [camundaTaskExecutor-2] INFO  o.u.i.activity.WaitStateActivity - [MOVEMENT: Wait state] Activity ID Move_To_Destination is waiting for an event.
14:17:14.227 [http-nio-8080-exec-7] INFO  o.u.i.d.AnalyzeTemperatureDelegate - isCritical: false
14:17:43.391 [camundaTaskExecutor-3] INFO  o.u.i.d.AnalyzeTemperatureDelegate - isCritical: false
14:17:43.398 [camundaTaskExecutor-3] INFO  o.u.i.d.AnalyzeTemperatureDelegate - isCritical: false
14:17:56.592 [SpringApplicationShutdownHook] INFO  org.camunda.bpm.engine.jobexecutor - ENGINE-14015 Shutting down the JobExecutor[org.camunda.bpm.engine.spring.components.jobexecutor.SpringJobExecutor]
14:17:56.593 [JobExecutor[org.camunda.bpm.engine.spring.components.jobexecutor.SpringJobExecutor]] INFO  org.camunda.bpm.engine.jobexecutor - ENGINE-14020 JobExecutor[org.camunda.bpm.engine.spring.components.jobexecutor.SpringJobExecutor] stopped job acquisition
14:17:56.594 [SpringApplicationShutdownHook] INFO  org.camunda.bpm.engine - ENGINE-00007 Process Engine default closed
14:17:56.594 [SpringApplicationShutdownHook] INFO  o.s.j.d.e.EmbeddedDatabaseFactory - Shutting down embedded database: url='jdbc:h2:mem:0ff54f73-f581-42d1-a6e7-7bab1fa4f30a;DB_CLOSE_DELAY=-1;DB_CLOSE_ON_EXIT=false'
14:18:17.833 [background-preinit] INFO  o.h.validator.internal.util.Version - HV000001: Hibernate Validator 8.0.1.Final
14:18:17.873 [main] INFO  org.unicam.intermediate.Application - Starting Application using Java 17.0.15 with PID 5324 (D:\Universita\CS\BPMNEnv-Camunda\target\classes started by Andrea in D:\Universita\CS\BPMNEnv-Camunda)
14:18:17.874 [main] INFO  org.unicam.intermediate.Application - No active profile set, falling back to 1 default profile: "default"
14:18:18.626 [main] INFO  o.s.b.w.e.tomcat.TomcatWebServer - Tomcat initialized with port 8080 (http)
14:18:18.632 [main] INFO  o.a.coyote.http11.Http11NioProtocol - Initializing ProtocolHandler ["http-nio-8080"]
14:18:18.634 [main] INFO  o.a.catalina.core.StandardService - Starting service [Tomcat]
14:18:18.634 [main] INFO  o.a.catalina.core.StandardEngine - Starting Servlet engine: [Apache Tomcat/10.1.20]
14:18:18.686 [main] INFO  o.a.c.c.C.[Tomcat].[localhost].[/] - Initializing Spring embedded WebApplicationContext
14:18:18.686 [main] INFO  o.s.b.w.s.c.ServletWebServerApplicationContext - Root WebApplicationContext: initialization completed in 782 ms
14:18:18.701 [main] INFO  o.c.b.s.b.s.r.CamundaJerseyResourceConfig - Configuring camunda rest api.
14:18:18.711 [main] INFO  o.c.b.s.b.s.r.CamundaJerseyResourceConfig - Finished configuring camunda rest api.
14:18:18.899 [main] INFO  o.s.j.d.e.EmbeddedDatabaseFactory - Starting embedded database: url='jdbc:h2:mem:6221ec87-0978-4e73-b1a6-fac4c90107fc;DB_CLOSE_DELAY=-1;DB_CLOSE_ON_EXIT=false', username='sa'
14:18:19.038 [main] INFO  org.camunda.bpm.spring.boot - STARTER-SB040 Setting up jobExecutor with corePoolSize=3, maxPoolSize:10
14:18:19.079 [main] INFO  org.camunda.bpm.engine.cfg - ENGINE-12003 Plugin 'CompositeProcessEnginePlugin[genericPropertiesConfiguration, camundaConfig, camundaProcessEngineConfiguration, camundaDatasourceConfiguration, camundaJobConfiguration, camundaHistoryConfiguration, camundaMetricsConfiguration, camundaAuthorizationConfiguration, camundaDeploymentConfiguration, failedJobConfiguration, , eventPublisherPlugin, ApplicationContextClassloaderSwitchPlugin]' activated on process engine 'default'
14:18:19.502 [main] INFO  org.camunda.bpm.spring.boot - STARTER-SB021 Auto-Deploying resources: [file [D:\Universita\CS\BPMNEnv-Camunda\target\classes\bpmn\diagram-23.bpmn]]
14:18:19.503 [main] INFO  o.c.b.s.b.s.e.EventPublisherPlugin - EVENTING-001: Initialized Camunda Spring Boot Eventing Engine Plugin.
14:18:19.503 [main] INFO  o.c.b.s.b.s.e.EventPublisherPlugin - EVENTING-003: Task events will be published as Spring Events.
14:18:19.503 [main] INFO  o.c.b.s.b.s.e.EventPublisherPlugin - EVENTING-005: Execution events will be published as Spring Events.
14:18:19.503 [main] INFO  o.c.b.s.b.s.e.EventPublisherPlugin - EVENTING-009: Listeners will not be invoked if a skipCustomListeners API parameter is set to true by user.
14:18:19.505 [main] INFO  o.c.b.s.b.s.e.EventPublisherPlugin - EVENTING-007: History events will be published as Spring events.
14:18:20.875 [main] INFO  org.camunda.bpm.engine.persistence - ENGINE-03016 Performing database operation 'create' on component 'engine' with resource 'org/camunda/bpm/engine/db/create/activiti.h2.create.engine.sql'
14:18:20.892 [main] INFO  org.camunda.bpm.engine.persistence - ENGINE-03016 Performing database operation 'create' on component 'history' with resource 'org/camunda/bpm/engine/db/create/activiti.h2.create.history.sql'
14:18:20.897 [main] INFO  org.camunda.bpm.engine.persistence - ENGINE-03016 Performing database operation 'create' on component 'identity' with resource 'org/camunda/bpm/engine/db/create/activiti.h2.create.identity.sql'
14:18:20.902 [main] INFO  org.camunda.bpm.engine.persistence - ENGINE-03016 Performing database operation 'create' on component 'case.engine' with resource 'org/camunda/bpm/engine/db/create/activiti.h2.create.case.engine.sql'
14:18:20.903 [main] INFO  org.camunda.bpm.engine.persistence - ENGINE-03016 Performing database operation 'create' on component 'case.history' with resource 'org/camunda/bpm/engine/db/create/activiti.h2.create.case.history.sql'
14:18:20.904 [main] INFO  org.camunda.bpm.engine.persistence - ENGINE-03016 Performing database operation 'create' on component 'decision.engine' with resource 'org/camunda/bpm/engine/db/create/activiti.h2.create.decision.engine.sql'
14:18:20.906 [main] INFO  org.camunda.bpm.engine.persistence - ENGINE-03016 Performing database operation 'create' on component 'decision.history' with resource 'org/camunda/bpm/engine/db/create/activiti.h2.create.decision.history.sql'
14:18:20.928 [main] INFO  org.camunda.bpm.engine.persistence - ENGINE-03067 No history level property found in database
14:18:20.930 [main] INFO  org.camunda.bpm.engine.persistence - ENGINE-03065 Creating historyLevel property in database for level: HistoryLevelFull(name=full, id=3)
14:18:20.942 [main] INFO  org.camunda.bpm.engine - ENGINE-00001 Process Engine default created.
14:18:21.250 [main] INFO  o.c.b.s.b.s.w.f.LazyInitRegistration - lazy initialized org.camunda.bpm.spring.boot.starter.webapp.filter.LazyProcessEnginesFilter@49671897
14:18:21.287 [main] INFO  o.c.b.s.b.s.w.f.LazyInitRegistration - lazy initialized org.camunda.bpm.spring.boot.starter.webapp.filter.LazySecurityFilter@30922f8d
14:18:21.344 [main] INFO  o.a.coyote.http11.Http11NioProtocol - Starting ProtocolHandler ["http-nio-8080"]
14:18:21.357 [main] INFO  o.s.b.w.e.tomcat.TomcatWebServer - Tomcat started on port 8080 (http) with context path ''
14:18:21.363 [main] INFO  org.unicam.intermediate.Application - Started Application in 3.735 seconds (process running for 4.652)
14:18:21.365 [main] INFO  org.camunda.bpm.engine.jobexecutor - ENGINE-14014 Starting up the JobExecutor[org.camunda.bpm.engine.spring.components.jobexecutor.SpringJobExecutor].
14:18:21.366 [JobExecutor[org.camunda.bpm.engine.spring.components.jobexecutor.SpringJobExecutor]] INFO  org.camunda.bpm.engine.jobexecutor - ENGINE-14018 JobExecutor[org.camunda.bpm.engine.spring.components.jobexecutor.SpringJobExecutor] starting to acquire jobs
14:18:43.730 [http-nio-8080-exec-1] INFO  o.a.c.c.C.[Tomcat].[localhost].[/] - Initializing Spring DispatcherServlet 'dispatcherServlet'
14:18:43.731 [http-nio-8080-exec-1] INFO  o.s.web.servlet.DispatcherServlet - Initializing Servlet 'dispatcherServlet'
14:18:43.732 [http-nio-8080-exec-1] INFO  o.s.web.servlet.DispatcherServlet - Completed initialization in 0 ms
14:20:41.460 [http-nio-8080-exec-7] INFO  o.u.i.d.AnalyzeTemperatureDelegate - isCritical: false
14:22:02.470 [camundaTaskExecutor-1] INFO  o.u.i.d.AnalyzeTemperatureDelegate - isCritical: true
14:22:04.910 [camundaTaskExecutor-1] INFO  o.u.i.activity.WaitStateActivity - [MOVEMENT: Wait state] Activity ID Move_To_Destination is waiting for an event.
14:22:10.951 [camundaTaskExecutor-2] INFO  o.u.i.d.AnalyzeTemperatureDelegate - isCritical: false
14:23:29.306 [camundaTaskExecutor-3] INFO  o.u.i.d.AnalyzeTemperatureDelegate - isCritical: false
14:25:21.093 [http-nio-8080-exec-6] INFO  o.u.i.controller.MovementController - [GPS Received] Device is NOT inside the area. participantID: Partecipante
14:25:38.965 [http-nio-8080-exec-7] INFO  o.u.i.controller.MovementController - [GPS Received] Device is NOT inside the area. participantID: Partecipante
14:26:21.017 [http-nio-8080-exec-3] INFO  o.u.i.controller.MovementController - [GPS Received] Device is NOT inside the area. participantID: Partecipante
14:27:02.984 [http-nio-8080-exec-4] INFO  o.u.i.controller.MovementController - [GPS Received] Device is NOT inside the area. participantID: Partecipante
14:27:54.978 [http-nio-8080-exec-8] INFO  o.u.i.controller.MovementController - [GPS Received] Correct position, participantID: Partecipante  not found
14:29:06.630 [http-nio-8080-exec-1] INFO  o.u.i.controller.MovementController - [GPS Received] Valid coordinate. participantID: Participant_0n5pxvz
14:29:06.965 [http-nio-8080-exec-1] INFO  o.u.i.activity.WaitStateActivity - [MOVEMENT: Wait state] Activity ID Move_To_Destination event has been signalled.
14:29:07.889 [http-nio-8080-exec-1] INFO  o.u.i.controller.MovementController - [Participant Participant_0n5pxvz position] Update Destination: CS@Unicam
14:32:07.214 [http-nio-8080-exec-2] INFO  o.u.i.d.AnalyzeTemperatureDelegate - isCritical: true
14:32:36.276 [http-nio-8080-exec-2] INFO  o.u.i.activity.WaitStateActivity - [MOVEMENT: Wait state] Activity ID Move_To_Destination is waiting for an event.
14:33:06.457 [http-nio-8080-exec-8] INFO  o.u.i.controller.MovementController - [GPS Received] Valid coordinate. participantID: Participant_0n5pxvz
14:33:06.463 [http-nio-8080-exec-8] INFO  o.u.i.activity.WaitStateActivity - [MOVEMENT: Wait state] Activity ID Move_To_Destination event has been signalled.
14:33:06.504 [http-nio-8080-exec-8] INFO  o.u.i.controller.MovementController - [Participant Participant_0n5pxvz position] Update Destination: CS@Unicam
14:48:51.412 [SpringApplicationShutdownHook] INFO  org.camunda.bpm.engine.jobexecutor - ENGINE-14015 Shutting down the JobExecutor[org.camunda.bpm.engine.spring.components.jobexecutor.SpringJobExecutor]
14:48:51.412 [JobExecutor[org.camunda.bpm.engine.spring.components.jobexecutor.SpringJobExecutor]] INFO  org.camunda.bpm.engine.jobexecutor - ENGINE-14020 JobExecutor[org.camunda.bpm.engine.spring.components.jobexecutor.SpringJobExecutor] stopped job acquisition
14:48:51.414 [SpringApplicationShutdownHook] INFO  org.camunda.bpm.engine - ENGINE-00007 Process Engine default closed
14:48:51.414 [SpringApplicationShutdownHook] INFO  o.s.j.d.e.EmbeddedDatabaseFactory - Shutting down embedded database: url='jdbc:h2:mem:6221ec87-0978-4e73-b1a6-fac4c90107fc;DB_CLOSE_DELAY=-1;DB_CLOSE_ON_EXIT=false'
15:09:43.816 [background-preinit] INFO  o.h.validator.internal.util.Version - HV000001: Hibernate Validator 8.0.1.Final
15:09:43.859 [main] INFO  org.unicam.intermediate.Application - Starting Application using Java 17.0.15 with PID 27020 (D:\Universita\CS\BPMNEnv-Camunda\target\classes started by Andrea in D:\Universita\CS\BPMNEnv-Camunda)
15:09:43.860 [main] INFO  org.unicam.intermediate.Application - No active profile set, falling back to 1 default profile: "default"
15:09:44.697 [main] INFO  o.s.b.w.e.tomcat.TomcatWebServer - Tomcat initialized with port 8080 (http)
15:09:44.704 [main] INFO  o.a.coyote.http11.Http11NioProtocol - Initializing ProtocolHandler ["http-nio-8080"]
15:09:44.705 [main] INFO  o.a.catalina.core.StandardService - Starting service [Tomcat]
15:09:44.705 [main] INFO  o.a.catalina.core.StandardEngine - Starting Servlet engine: [Apache Tomcat/10.1.20]
15:09:44.759 [main] INFO  o.a.c.c.C.[Tomcat].[localhost].[/] - Initializing Spring embedded WebApplicationContext
15:09:44.759 [main] INFO  o.s.b.w.s.c.ServletWebServerApplicationContext - Root WebApplicationContext: initialization completed in 871 ms
15:09:44.780 [main] INFO  o.c.b.s.b.s.r.CamundaJerseyResourceConfig - Configuring camunda rest api.
15:09:44.809 [main] INFO  o.c.b.s.b.s.r.CamundaJerseyResourceConfig - Finished configuring camunda rest api.
15:09:45.086 [main] INFO  o.s.j.d.e.EmbeddedDatabaseFactory - Starting embedded database: url='jdbc:h2:mem:94b47c3e-6037-4ec4-b289-9db307ddc098;DB_CLOSE_DELAY=-1;DB_CLOSE_ON_EXIT=false', username='sa'
15:09:45.253 [main] INFO  org.camunda.bpm.spring.boot - STARTER-SB040 Setting up jobExecutor with corePoolSize=3, maxPoolSize:10
15:09:45.306 [main] INFO  org.camunda.bpm.engine.cfg - ENGINE-12003 Plugin 'CompositeProcessEnginePlugin[genericPropertiesConfiguration, camundaConfig, camundaProcessEngineConfiguration, camundaDatasourceConfiguration, camundaJobConfiguration, camundaHistoryConfiguration, camundaMetricsConfiguration, camundaAuthorizationConfiguration, camundaDeploymentConfiguration, failedJobConfiguration, , eventPublisherPlugin, ApplicationContextClassloaderSwitchPlugin]' activated on process engine 'default'
15:09:45.756 [main] INFO  org.camunda.bpm.spring.boot - STARTER-SB021 Auto-Deploying resources: [file [D:\Universita\CS\BPMNEnv-Camunda\target\classes\bpmn\diagram-23.bpmn]]
15:09:45.758 [main] INFO  o.c.b.s.b.s.e.EventPublisherPlugin - EVENTING-001: Initialized Camunda Spring Boot Eventing Engine Plugin.
15:09:45.758 [main] INFO  o.c.b.s.b.s.e.EventPublisherPlugin - EVENTING-003: Task events will be published as Spring Events.
15:09:45.758 [main] INFO  o.c.b.s.b.s.e.EventPublisherPlugin - EVENTING-005: Execution events will be published as Spring Events.
15:09:45.758 [main] INFO  o.c.b.s.b.s.e.EventPublisherPlugin - EVENTING-009: Listeners will not be invoked if a skipCustomListeners API parameter is set to true by user.
15:09:45.759 [main] INFO  o.c.b.s.b.s.e.EventPublisherPlugin - EVENTING-007: History events will be published as Spring events.
15:09:47.331 [main] INFO  org.camunda.bpm.engine.persistence - ENGINE-03016 Performing database operation 'create' on component 'engine' with resource 'org/camunda/bpm/engine/db/create/activiti.h2.create.engine.sql'
15:09:47.351 [main] INFO  org.camunda.bpm.engine.persistence - ENGINE-03016 Performing database operation 'create' on component 'history' with resource 'org/camunda/bpm/engine/db/create/activiti.h2.create.history.sql'
15:09:47.356 [main] INFO  org.camunda.bpm.engine.persistence - ENGINE-03016 Performing database operation 'create' on component 'identity' with resource 'org/camunda/bpm/engine/db/create/activiti.h2.create.identity.sql'
15:09:47.361 [main] INFO  org.camunda.bpm.engine.persistence - ENGINE-03016 Performing database operation 'create' on component 'case.engine' with resource 'org/camunda/bpm/engine/db/create/activiti.h2.create.case.engine.sql'
15:09:47.364 [main] INFO  org.camunda.bpm.engine.persistence - ENGINE-03016 Performing database operation 'create' on component 'case.history' with resource 'org/camunda/bpm/engine/db/create/activiti.h2.create.case.history.sql'
15:09:47.365 [main] INFO  org.camunda.bpm.engine.persistence - ENGINE-03016 Performing database operation 'create' on component 'decision.engine' with resource 'org/camunda/bpm/engine/db/create/activiti.h2.create.decision.engine.sql'
15:09:47.367 [main] INFO  org.camunda.bpm.engine.persistence - ENGINE-03016 Performing database operation 'create' on component 'decision.history' with resource 'org/camunda/bpm/engine/db/create/activiti.h2.create.decision.history.sql'
15:09:47.390 [main] INFO  org.camunda.bpm.engine.persistence - ENGINE-03067 No history level property found in database
15:09:47.392 [main] INFO  org.camunda.bpm.engine.persistence - ENGINE-03065 Creating historyLevel property in database for level: HistoryLevelFull(name=full, id=3)
15:09:47.408 [main] INFO  org.camunda.bpm.engine - ENGINE-00001 Process Engine default created.
15:09:47.786 [main] INFO  o.c.b.s.b.s.w.f.LazyInitRegistration - lazy initialized org.camunda.bpm.spring.boot.starter.webapp.filter.LazySecurityFilter@66223d94
15:09:47.787 [main] INFO  o.c.b.s.b.s.w.f.LazyInitRegistration - lazy initialized org.camunda.bpm.spring.boot.starter.webapp.filter.LazyProcessEnginesFilter@7b1e5e55
15:09:47.847 [main] INFO  o.a.coyote.http11.Http11NioProtocol - Starting ProtocolHandler ["http-nio-8080"]
15:09:47.860 [main] INFO  o.s.b.w.e.tomcat.TomcatWebServer - Tomcat started on port 8080 (http) with context path ''
15:09:47.866 [main] INFO  org.unicam.intermediate.Application - Started Application in 4.292 seconds (process running for 8.255)
15:09:47.868 [main] INFO  org.camunda.bpm.engine.jobexecutor - ENGINE-14014 Starting up the JobExecutor[org.camunda.bpm.engine.spring.components.jobexecutor.SpringJobExecutor].
15:09:47.869 [JobExecutor[org.camunda.bpm.engine.spring.components.jobexecutor.SpringJobExecutor]] INFO  org.camunda.bpm.engine.jobexecutor - ENGINE-14018 JobExecutor[org.camunda.bpm.engine.spring.components.jobexecutor.SpringJobExecutor] starting to acquire jobs
15:09:56.801 [http-nio-8080-exec-1] INFO  o.a.c.c.C.[Tomcat].[localhost].[/] - Initializing Spring DispatcherServlet 'dispatcherServlet'
15:09:56.801 [http-nio-8080-exec-1] INFO  o.s.web.servlet.DispatcherServlet - Initializing Servlet 'dispatcherServlet'
15:09:56.803 [http-nio-8080-exec-1] INFO  o.s.web.servlet.DispatcherServlet - Completed initialization in 1 ms
15:10:08.730 [http-nio-8080-exec-4] INFO  org.camunda.bpm.engine.identity - ENGINE-27001 The user with id 'a' is locked. The lock will expire at Sun Jul 20 15:10:11 CEST 2025
15:10:29.937 [http-nio-8080-exec-2] INFO  o.u.i.d.AnalyzeTemperatureDelegate - isCritical: false
15:12:02.911 [camundaTaskExecutor-1] INFO  o.u.i.d.AnalyzeTemperatureDelegate - isCritical: false
15:12:07.929 [camundaTaskExecutor-2] INFO  o.u.i.d.AnalyzeTemperatureDelegate - isCritical: false
15:13:22.944 [camundaTaskExecutor-3] INFO  o.u.i.d.AnalyzeTemperatureDelegate - isCritical: true
15:13:22.945 [camundaTaskExecutor-3] INFO  o.u.i.activity.WaitStateActivity - [MOVEMENT: Wait state] Activity ID Move_To_Destination is waiting for an event.
16:21:37.769 [SpringApplicationShutdownHook] INFO  org.camunda.bpm.engine.jobexecutor - ENGINE-14015 Shutting down the JobExecutor[org.camunda.bpm.engine.spring.components.jobexecutor.SpringJobExecutor]
16:21:37.769 [JobExecutor[org.camunda.bpm.engine.spring.components.jobexecutor.SpringJobExecutor]] INFO  org.camunda.bpm.engine.jobexecutor - ENGINE-14020 JobExecutor[org.camunda.bpm.engine.spring.components.jobexecutor.SpringJobExecutor] stopped job acquisition
16:21:37.771 [SpringApplicationShutdownHook] INFO  org.camunda.bpm.engine - ENGINE-00007 Process Engine default closed
16:21:37.771 [SpringApplicationShutdownHook] INFO  o.s.j.d.e.EmbeddedDatabaseFactory - Shutting down embedded database: url='jdbc:h2:mem:94b47c3e-6037-4ec4-b289-9db307ddc098;DB_CLOSE_DELAY=-1;DB_CLOSE_ON_EXIT=false'
17:59:25.126 [background-preinit] INFO  o.h.validator.internal.util.Version - HV000001: Hibernate Validator 8.0.1.Final
17:59:25.157 [main] INFO  org.unicam.intermediate.Application - Starting Application using Java 17.0.15 with PID 27032 (D:\Universita\CS\BPMNEnv-Camunda\target\classes started by Andrea in D:\Universita\CS\BPMNEnv-Camunda)
17:59:25.158 [main] INFO  org.unicam.intermediate.Application - No active profile set, falling back to 1 default profile: "default"
17:59:26.071 [main] INFO  o.s.b.w.e.tomcat.TomcatWebServer - Tomcat initialized with port 8080 (http)
17:59:26.078 [main] INFO  o.a.coyote.http11.Http11NioProtocol - Initializing ProtocolHandler ["http-nio-8080"]
17:59:26.079 [main] INFO  o.a.catalina.core.StandardService - Starting service [Tomcat]
17:59:26.079 [main] INFO  o.a.catalina.core.StandardEngine - Starting Servlet engine: [Apache Tomcat/10.1.20]
17:59:26.123 [main] INFO  o.a.c.c.C.[Tomcat].[localhost].[/] - Initializing Spring embedded WebApplicationContext
17:59:26.123 [main] INFO  o.s.b.w.s.c.ServletWebServerApplicationContext - Root WebApplicationContext: initialization completed in 940 ms
17:59:26.143 [main] INFO  o.c.b.s.b.s.r.CamundaJerseyResourceConfig - Configuring camunda rest api.
17:59:26.156 [main] INFO  o.c.b.s.b.s.r.CamundaJerseyResourceConfig - Finished configuring camunda rest api.
17:59:26.345 [main] INFO  o.s.j.d.e.EmbeddedDatabaseFactory - Starting embedded database: url='jdbc:h2:mem:066d6a0f-1ff2-4902-9a60-843ba1f44f2e;DB_CLOSE_DELAY=-1;DB_CLOSE_ON_EXIT=false', username='sa'
17:59:26.499 [main] INFO  org.camunda.bpm.spring.boot - STARTER-SB040 Setting up jobExecutor with corePoolSize=3, maxPoolSize:10
17:59:26.542 [main] INFO  org.camunda.bpm.engine.cfg - ENGINE-12003 Plugin 'CompositeProcessEnginePlugin[genericPropertiesConfiguration, camundaConfig, camundaProcessEngineConfiguration, camundaDatasourceConfiguration, camundaJobConfiguration, camundaHistoryConfiguration, camundaMetricsConfiguration, camundaAuthorizationConfiguration, camundaDeploymentConfiguration, failedJobConfiguration, , eventPublisherPlugin, ApplicationContextClassloaderSwitchPlugin]' activated on process engine 'default'
17:59:26.979 [main] INFO  org.camunda.bpm.spring.boot - STARTER-SB021 Auto-Deploying resources: [file [D:\Universita\CS\BPMNEnv-Camunda\target\classes\bpmn\diagram-23.bpmn]]
17:59:26.981 [main] INFO  o.c.b.s.b.s.e.EventPublisherPlugin - EVENTING-001: Initialized Camunda Spring Boot Eventing Engine Plugin.
17:59:26.981 [main] INFO  o.c.b.s.b.s.e.EventPublisherPlugin - EVENTING-003: Task events will be published as Spring Events.
17:59:26.981 [main] INFO  o.c.b.s.b.s.e.EventPublisherPlugin - EVENTING-005: Execution events will be published as Spring Events.
17:59:26.981 [main] INFO  o.c.b.s.b.s.e.EventPublisherPlugin - EVENTING-009: Listeners will not be invoked if a skipCustomListeners API parameter is set to true by user.
17:59:26.983 [main] INFO  o.c.b.s.b.s.e.EventPublisherPlugin - EVENTING-007: History events will be published as Spring events.
17:59:28.408 [main] INFO  org.camunda.bpm.engine.persistence - ENGINE-03016 Performing database operation 'create' on component 'engine' with resource 'org/camunda/bpm/engine/db/create/activiti.h2.create.engine.sql'
17:59:28.427 [main] INFO  org.camunda.bpm.engine.persistence - ENGINE-03016 Performing database operation 'create' on component 'history' with resource 'org/camunda/bpm/engine/db/create/activiti.h2.create.history.sql'
17:59:28.433 [main] INFO  org.camunda.bpm.engine.persistence - ENGINE-03016 Performing database operation 'create' on component 'identity' with resource 'org/camunda/bpm/engine/db/create/activiti.h2.create.identity.sql'
17:59:28.440 [main] INFO  org.camunda.bpm.engine.persistence - ENGINE-03016 Performing database operation 'create' on component 'case.engine' with resource 'org/camunda/bpm/engine/db/create/activiti.h2.create.case.engine.sql'
17:59:28.442 [main] INFO  org.camunda.bpm.engine.persistence - ENGINE-03016 Performing database operation 'create' on component 'case.history' with resource 'org/camunda/bpm/engine/db/create/activiti.h2.create.case.history.sql'
17:59:28.444 [main] INFO  org.camunda.bpm.engine.persistence - ENGINE-03016 Performing database operation 'create' on component 'decision.engine' with resource 'org/camunda/bpm/engine/db/create/activiti.h2.create.decision.engine.sql'
17:59:28.446 [main] INFO  org.camunda.bpm.engine.persistence - ENGINE-03016 Performing database operation 'create' on component 'decision.history' with resource 'org/camunda/bpm/engine/db/create/activiti.h2.create.decision.history.sql'
17:59:28.468 [main] INFO  org.camunda.bpm.engine.persistence - ENGINE-03067 No history level property found in database
17:59:28.469 [main] INFO  org.camunda.bpm.engine.persistence - ENGINE-03065 Creating historyLevel property in database for level: HistoryLevelFull(name=full, id=3)
17:59:28.481 [main] INFO  org.camunda.bpm.engine - ENGINE-00001 Process Engine default created.
17:59:28.805 [main] INFO  o.c.b.s.b.s.w.f.LazyInitRegistration - lazy initialized org.camunda.bpm.spring.boot.starter.webapp.filter.LazySecurityFilter@27dc627a
17:59:28.805 [main] INFO  o.c.b.s.b.s.w.f.LazyInitRegistration - lazy initialized org.camunda.bpm.spring.boot.starter.webapp.filter.LazyProcessEnginesFilter@64e7d698
17:59:28.856 [main] INFO  o.a.coyote.http11.Http11NioProtocol - Starting ProtocolHandler ["http-nio-8080"]
17:59:28.860 [main] WARN  o.s.b.w.s.c.AnnotationConfigServletWebServerApplicationContext - Exception encountered during context initialization - cancelling refresh attempt: org.springframework.context.ApplicationContextException: Failed to start bean 'webServerStartStop'
17:59:28.863 [main] INFO  org.camunda.bpm.engine - ENGINE-00007 Process Engine default closed
17:59:28.864 [main] INFO  o.s.j.d.e.EmbeddedDatabaseFactory - Shutting down embedded database: url='jdbc:h2:mem:066d6a0f-1ff2-4902-9a60-843ba1f44f2e;DB_CLOSE_DELAY=-1;DB_CLOSE_ON_EXIT=false'
17:59:28.873 [main] INFO  o.s.b.a.l.ConditionEvaluationReportLogger - 

Error starting ApplicationContext. To display the condition evaluation report re-run your application with 'debug' enabled.
17:59:28.884 [main] ERROR o.s.b.d.LoggingFailureAnalysisReporter - 

***************************
APPLICATION FAILED TO START
***************************

Description:

Web server failed to start. Port 8080 was already in use.

Action:

Identify and stop the process that's listening on port 8080 or configure this application to listen on another port.

17:59:55.252 [background-preinit] INFO  o.h.validator.internal.util.Version - HV000001: Hibernate Validator 8.0.1.Final
17:59:55.287 [main] INFO  org.unicam.intermediate.Application - Starting Application using Java 17.0.15 with PID 26500 (D:\Universita\CS\BPMNEnv-Camunda\target\classes started by Andrea in D:\Universita\CS\BPMNEnv-Camunda)
17:59:55.287 [main] INFO  org.unicam.intermediate.Application - No active profile set, falling back to 1 default profile: "default"
17:59:55.960 [main] INFO  o.s.b.w.e.tomcat.TomcatWebServer - Tomcat initialized with port 8080 (http)
17:59:55.966 [main] INFO  o.a.coyote.http11.Http11NioProtocol - Initializing ProtocolHandler ["http-nio-8080"]
17:59:55.967 [main] INFO  o.a.catalina.core.StandardService - Starting service [Tomcat]
17:59:55.967 [main] INFO  o.a.catalina.core.StandardEngine - Starting Servlet engine: [Apache Tomcat/10.1.20]
17:59:56.009 [main] INFO  o.a.c.c.C.[Tomcat].[localhost].[/] - Initializing Spring embedded WebApplicationContext
17:59:56.009 [main] INFO  o.s.b.w.s.c.ServletWebServerApplicationContext - Root WebApplicationContext: initialization completed in 694 ms
17:59:56.023 [main] INFO  o.c.b.s.b.s.r.CamundaJerseyResourceConfig - Configuring camunda rest api.
17:59:56.033 [main] INFO  o.c.b.s.b.s.r.CamundaJerseyResourceConfig - Finished configuring camunda rest api.
17:59:56.196 [main] INFO  o.s.j.d.e.EmbeddedDatabaseFactory - Starting embedded database: url='jdbc:h2:mem:4e897060-a9d8-4074-8cdb-7d1482096839;DB_CLOSE_DELAY=-1;DB_CLOSE_ON_EXIT=false', username='sa'
17:59:56.333 [main] INFO  org.camunda.bpm.spring.boot - STARTER-SB040 Setting up jobExecutor with corePoolSize=3, maxPoolSize:10
17:59:56.372 [main] INFO  org.camunda.bpm.engine.cfg - ENGINE-12003 Plugin 'CompositeProcessEnginePlugin[genericPropertiesConfiguration, camundaConfig, camundaProcessEngineConfiguration, camundaDatasourceConfiguration, camundaJobConfiguration, camundaHistoryConfiguration, camundaMetricsConfiguration, camundaAuthorizationConfiguration, camundaDeploymentConfiguration, failedJobConfiguration, , eventPublisherPlugin, ApplicationContextClassloaderSwitchPlugin]' activated on process engine 'default'
17:59:56.803 [main] INFO  org.camunda.bpm.spring.boot - STARTER-SB021 Auto-Deploying resources: [file [D:\Universita\CS\BPMNEnv-Camunda\target\classes\bpmn\diagram-23.bpmn]]
17:59:56.805 [main] INFO  o.c.b.s.b.s.e.EventPublisherPlugin - EVENTING-001: Initialized Camunda Spring Boot Eventing Engine Plugin.
17:59:56.805 [main] INFO  o.c.b.s.b.s.e.EventPublisherPlugin - EVENTING-003: Task events will be published as Spring Events.
17:59:56.805 [main] INFO  o.c.b.s.b.s.e.EventPublisherPlugin - EVENTING-005: Execution events will be published as Spring Events.
17:59:56.805 [main] INFO  o.c.b.s.b.s.e.EventPublisherPlugin - EVENTING-009: Listeners will not be invoked if a skipCustomListeners API parameter is set to true by user.
17:59:56.806 [main] INFO  o.c.b.s.b.s.e.EventPublisherPlugin - EVENTING-007: History events will be published as Spring events.
17:59:58.204 [main] INFO  org.camunda.bpm.engine.persistence - ENGINE-03016 Performing database operation 'create' on component 'engine' with resource 'org/camunda/bpm/engine/db/create/activiti.h2.create.engine.sql'
17:59:58.221 [main] INFO  org.camunda.bpm.engine.persistence - ENGINE-03016 Performing database operation 'create' on component 'history' with resource 'org/camunda/bpm/engine/db/create/activiti.h2.create.history.sql'
17:59:58.225 [main] INFO  org.camunda.bpm.engine.persistence - ENGINE-03016 Performing database operation 'create' on component 'identity' with resource 'org/camunda/bpm/engine/db/create/activiti.h2.create.identity.sql'
17:59:58.230 [main] INFO  org.camunda.bpm.engine.persistence - ENGINE-03016 Performing database operation 'create' on component 'case.engine' with resource 'org/camunda/bpm/engine/db/create/activiti.h2.create.case.engine.sql'
17:59:58.231 [main] INFO  org.camunda.bpm.engine.persistence - ENGINE-03016 Performing database operation 'create' on component 'case.history' with resource 'org/camunda/bpm/engine/db/create/activiti.h2.create.case.history.sql'
17:59:58.232 [main] INFO  org.camunda.bpm.engine.persistence - ENGINE-03016 Performing database operation 'create' on component 'decision.engine' with resource 'org/camunda/bpm/engine/db/create/activiti.h2.create.decision.engine.sql'
17:59:58.234 [main] INFO  org.camunda.bpm.engine.persistence - ENGINE-03016 Performing database operation 'create' on component 'decision.history' with resource 'org/camunda/bpm/engine/db/create/activiti.h2.create.decision.history.sql'
17:59:58.254 [main] INFO  org.camunda.bpm.engine.persistence - ENGINE-03067 No history level property found in database
17:59:58.255 [main] INFO  org.camunda.bpm.engine.persistence - ENGINE-03065 Creating historyLevel property in database for level: HistoryLevelFull(name=full, id=3)
17:59:58.266 [main] INFO  org.camunda.bpm.engine - ENGINE-00001 Process Engine default created.
17:59:58.538 [main] INFO  o.c.b.s.b.s.w.f.LazyInitRegistration - lazy initialized org.camunda.bpm.spring.boot.starter.webapp.filter.LazyProcessEnginesFilter@4d464510
17:59:58.571 [main] INFO  o.c.b.s.b.s.w.f.LazyInitRegistration - lazy initialized org.camunda.bpm.spring.boot.starter.webapp.filter.LazySecurityFilter@77724cbe
17:59:58.631 [main] WARN  o.s.b.w.s.c.AnnotationConfigServletWebServerApplicationContext - Exception encountered during context initialization - cancelling refresh attempt: org.springframework.context.ApplicationContextException: Failed to start bean 'webServerStartStop'
17:59:58.634 [main] INFO  org.camunda.bpm.engine - ENGINE-00007 Process Engine default closed
17:59:58.635 [main] INFO  o.s.j.d.e.EmbeddedDatabaseFactory - Shutting down embedded database: url='jdbc:h2:mem:4e897060-a9d8-4074-8cdb-7d1482096839;DB_CLOSE_DELAY=-1;DB_CLOSE_ON_EXIT=false'
18:00:02.444 [background-preinit] INFO  o.h.validator.internal.util.Version - HV000001: Hibernate Validator 8.0.1.Final
18:00:02.477 [main] INFO  org.unicam.intermediate.Application - Starting Application using Java 17.0.15 with PID 10968 (D:\Universita\CS\BPMNEnv-Camunda\target\classes started by Andrea in D:\Universita\CS\BPMNEnv-Camunda)
18:00:02.478 [main] INFO  org.unicam.intermediate.Application - No active profile set, falling back to 1 default profile: "default"
18:00:03.174 [main] INFO  o.s.b.w.e.tomcat.TomcatWebServer - Tomcat initialized with port 8080 (http)
18:00:03.180 [main] INFO  o.a.coyote.http11.Http11NioProtocol - Initializing ProtocolHandler ["http-nio-8080"]
18:00:03.182 [main] INFO  o.a.catalina.core.StandardService - Starting service [Tomcat]
18:00:03.182 [main] INFO  o.a.catalina.core.StandardEngine - Starting Servlet engine: [Apache Tomcat/10.1.20]
18:00:03.228 [main] INFO  o.a.c.c.C.[Tomcat].[localhost].[/] - Initializing Spring embedded WebApplicationContext
18:00:03.228 [main] INFO  o.s.b.w.s.c.ServletWebServerApplicationContext - Root WebApplicationContext: initialization completed in 721 ms
18:00:03.240 [main] INFO  o.c.b.s.b.s.r.CamundaJerseyResourceConfig - Configuring camunda rest api.
18:00:03.250 [main] INFO  o.c.b.s.b.s.r.CamundaJerseyResourceConfig - Finished configuring camunda rest api.
18:00:03.418 [main] INFO  o.s.j.d.e.EmbeddedDatabaseFactory - Starting embedded database: url='jdbc:h2:mem:8ee72a82-0e36-4f41-90df-ce63459543fb;DB_CLOSE_DELAY=-1;DB_CLOSE_ON_EXIT=false', username='sa'
18:00:03.554 [main] INFO  org.camunda.bpm.spring.boot - STARTER-SB040 Setting up jobExecutor with corePoolSize=3, maxPoolSize:10
18:00:03.594 [main] INFO  org.camunda.bpm.engine.cfg - ENGINE-12003 Plugin 'CompositeProcessEnginePlugin[genericPropertiesConfiguration, camundaConfig, camundaProcessEngineConfiguration, camundaDatasourceConfiguration, camundaJobConfiguration, camundaHistoryConfiguration, camundaMetricsConfiguration, camundaAuthorizationConfiguration, camundaDeploymentConfiguration, failedJobConfiguration, , eventPublisherPlugin, ApplicationContextClassloaderSwitchPlugin]' activated on process engine 'default'
18:00:04.025 [main] INFO  org.camunda.bpm.spring.boot - STARTER-SB021 Auto-Deploying resources: [file [D:\Universita\CS\BPMNEnv-Camunda\target\classes\bpmn\diagram-23.bpmn]]
18:00:04.026 [main] INFO  o.c.b.s.b.s.e.EventPublisherPlugin - EVENTING-001: Initialized Camunda Spring Boot Eventing Engine Plugin.
18:00:04.026 [main] INFO  o.c.b.s.b.s.e.EventPublisherPlugin - EVENTING-003: Task events will be published as Spring Events.
18:00:04.026 [main] INFO  o.c.b.s.b.s.e.EventPublisherPlugin - EVENTING-005: Execution events will be published as Spring Events.
18:00:04.026 [main] INFO  o.c.b.s.b.s.e.EventPublisherPlugin - EVENTING-009: Listeners will not be invoked if a skipCustomListeners API parameter is set to true by user.
18:00:04.028 [main] INFO  o.c.b.s.b.s.e.EventPublisherPlugin - EVENTING-007: History events will be published as Spring events.
18:00:05.356 [main] INFO  org.camunda.bpm.engine.persistence - ENGINE-03016 Performing database operation 'create' on component 'engine' with resource 'org/camunda/bpm/engine/db/create/activiti.h2.create.engine.sql'
18:00:05.375 [main] INFO  org.camunda.bpm.engine.persistence - ENGINE-03016 Performing database operation 'create' on component 'history' with resource 'org/camunda/bpm/engine/db/create/activiti.h2.create.history.sql'
18:00:05.381 [main] INFO  org.camunda.bpm.engine.persistence - ENGINE-03016 Performing database operation 'create' on component 'identity' with resource 'org/camunda/bpm/engine/db/create/activiti.h2.create.identity.sql'
18:00:05.386 [main] INFO  org.camunda.bpm.engine.persistence - ENGINE-03016 Performing database operation 'create' on component 'case.engine' with resource 'org/camunda/bpm/engine/db/create/activiti.h2.create.case.engine.sql'
18:00:05.388 [main] INFO  org.camunda.bpm.engine.persistence - ENGINE-03016 Performing database operation 'create' on component 'case.history' with resource 'org/camunda/bpm/engine/db/create/activiti.h2.create.case.history.sql'
18:00:05.390 [main] INFO  org.camunda.bpm.engine.persistence - ENGINE-03016 Performing database operation 'create' on component 'decision.engine' with resource 'org/camunda/bpm/engine/db/create/activiti.h2.create.decision.engine.sql'
18:00:05.392 [main] INFO  org.camunda.bpm.engine.persistence - ENGINE-03016 Performing database operation 'create' on component 'decision.history' with resource 'org/camunda/bpm/engine/db/create/activiti.h2.create.decision.history.sql'
18:00:05.413 [main] INFO  org.camunda.bpm.engine.persistence - ENGINE-03067 No history level property found in database
18:00:05.415 [main] INFO  org.camunda.bpm.engine.persistence - ENGINE-03065 Creating historyLevel property in database for level: HistoryLevelFull(name=full, id=3)
18:00:05.427 [main] INFO  org.camunda.bpm.engine - ENGINE-00001 Process Engine default created.
18:00:05.711 [main] INFO  o.c.b.s.b.s.w.f.LazyInitRegistration - lazy initialized org.camunda.bpm.spring.boot.starter.webapp.filter.LazyProcessEnginesFilter@656a3d6b
18:00:05.744 [main] INFO  o.c.b.s.b.s.w.f.LazyInitRegistration - lazy initialized org.camunda.bpm.spring.boot.starter.webapp.filter.LazySecurityFilter@7f3ca64a
18:00:05.805 [main] INFO  o.a.coyote.http11.Http11NioProtocol - Starting ProtocolHandler ["http-nio-8080"]
18:00:05.810 [main] WARN  o.s.b.w.s.c.AnnotationConfigServletWebServerApplicationContext - Exception encountered during context initialization - cancelling refresh attempt: org.springframework.context.ApplicationContextException: Failed to start bean 'webServerStartStop'
18:00:05.815 [main] INFO  org.camunda.bpm.engine - ENGINE-00007 Process Engine default closed
18:00:05.816 [main] INFO  o.s.j.d.e.EmbeddedDatabaseFactory - Shutting down embedded database: url='jdbc:h2:mem:8ee72a82-0e36-4f41-90df-ce63459543fb;DB_CLOSE_DELAY=-1;DB_CLOSE_ON_EXIT=false'
18:00:05.826 [main] INFO  o.s.b.a.l.ConditionEvaluationReportLogger - 

Error starting ApplicationContext. To display the condition evaluation report re-run your application with 'debug' enabled.
18:00:05.837 [main] ERROR o.s.b.d.LoggingFailureAnalysisReporter - 

***************************
APPLICATION FAILED TO START
***************************

Description:

Web server failed to start. Port 8080 was already in use.

Action:

Identify and stop the process that's listening on port 8080 or configure this application to listen on another port.

18:01:10.178 [background-preinit] INFO  o.h.validator.internal.util.Version - HV000001: Hibernate Validator 8.0.1.Final
18:01:10.215 [main] INFO  org.unicam.intermediate.Application - Starting Application using Java 17.0.15 with PID 2152 (D:\Universita\CS\BPMNEnv-Camunda\target\classes started by Andrea in D:\Universita\CS\BPMNEnv-Camunda)
18:01:10.215 [main] INFO  org.unicam.intermediate.Application - No active profile set, falling back to 1 default profile: "default"
18:01:10.878 [main] INFO  o.s.b.w.e.tomcat.TomcatWebServer - Tomcat initialized with port 8082 (http)
18:01:10.885 [main] INFO  o.a.coyote.http11.Http11NioProtocol - Initializing ProtocolHandler ["http-nio-8082"]
18:01:10.886 [main] INFO  o.a.catalina.core.StandardService - Starting service [Tomcat]
18:01:10.886 [main] INFO  o.a.catalina.core.StandardEngine - Starting Servlet engine: [Apache Tomcat/10.1.20]
18:01:10.928 [main] INFO  o.a.c.c.C.[Tomcat].[localhost].[/] - Initializing Spring embedded WebApplicationContext
18:01:10.928 [main] INFO  o.s.b.w.s.c.ServletWebServerApplicationContext - Root WebApplicationContext: initialization completed in 685 ms
18:01:10.941 [main] INFO  o.c.b.s.b.s.r.CamundaJerseyResourceConfig - Configuring camunda rest api.
18:01:10.950 [main] INFO  o.c.b.s.b.s.r.CamundaJerseyResourceConfig - Finished configuring camunda rest api.
18:01:11.111 [main] INFO  o.s.j.d.e.EmbeddedDatabaseFactory - Starting embedded database: url='jdbc:h2:mem:541c9c4c-8a42-4ed4-92e4-35939b8c206d;DB_CLOSE_DELAY=-1;DB_CLOSE_ON_EXIT=false', username='sa'
18:01:11.246 [main] INFO  org.camunda.bpm.spring.boot - STARTER-SB040 Setting up jobExecutor with corePoolSize=3, maxPoolSize:10
18:01:11.285 [main] INFO  org.camunda.bpm.engine.cfg - ENGINE-12003 Plugin 'CompositeProcessEnginePlugin[genericPropertiesConfiguration, camundaConfig, camundaProcessEngineConfiguration, camundaDatasourceConfiguration, camundaJobConfiguration, camundaHistoryConfiguration, camundaMetricsConfiguration, camundaAuthorizationConfiguration, camundaDeploymentConfiguration, failedJobConfiguration, , eventPublisherPlugin, ApplicationContextClassloaderSwitchPlugin]' activated on process engine 'default'
18:01:11.706 [main] INFO  org.camunda.bpm.spring.boot - STARTER-SB021 Auto-Deploying resources: [file [D:\Universita\CS\BPMNEnv-Camunda\target\classes\bpmn\diagram-23.bpmn]]
18:01:11.707 [main] INFO  o.c.b.s.b.s.e.EventPublisherPlugin - EVENTING-001: Initialized Camunda Spring Boot Eventing Engine Plugin.
18:01:11.707 [main] INFO  o.c.b.s.b.s.e.EventPublisherPlugin - EVENTING-003: Task events will be published as Spring Events.
18:01:11.707 [main] INFO  o.c.b.s.b.s.e.EventPublisherPlugin - EVENTING-005: Execution events will be published as Spring Events.
18:01:11.707 [main] INFO  o.c.b.s.b.s.e.EventPublisherPlugin - EVENTING-009: Listeners will not be invoked if a skipCustomListeners API parameter is set to true by user.
18:01:11.708 [main] INFO  o.c.b.s.b.s.e.EventPublisherPlugin - EVENTING-007: History events will be published as Spring events.
18:01:13.023 [main] INFO  org.camunda.bpm.engine.persistence - ENGINE-03016 Performing database operation 'create' on component 'engine' with resource 'org/camunda/bpm/engine/db/create/activiti.h2.create.engine.sql'
18:01:13.040 [main] INFO  org.camunda.bpm.engine.persistence - ENGINE-03016 Performing database operation 'create' on component 'history' with resource 'org/camunda/bpm/engine/db/create/activiti.h2.create.history.sql'
18:01:13.045 [main] INFO  org.camunda.bpm.engine.persistence - ENGINE-03016 Performing database operation 'create' on component 'identity' with resource 'org/camunda/bpm/engine/db/create/activiti.h2.create.identity.sql'
18:01:13.049 [main] INFO  org.camunda.bpm.engine.persistence - ENGINE-03016 Performing database operation 'create' on component 'case.engine' with resource 'org/camunda/bpm/engine/db/create/activiti.h2.create.case.engine.sql'
18:01:13.051 [main] INFO  org.camunda.bpm.engine.persistence - ENGINE-03016 Performing database operation 'create' on component 'case.history' with resource 'org/camunda/bpm/engine/db/create/activiti.h2.create.case.history.sql'
18:01:13.052 [main] INFO  org.camunda.bpm.engine.persistence - ENGINE-03016 Performing database operation 'create' on component 'decision.engine' with resource 'org/camunda/bpm/engine/db/create/activiti.h2.create.decision.engine.sql'
18:01:13.054 [main] INFO  org.camunda.bpm.engine.persistence - ENGINE-03016 Performing database operation 'create' on component 'decision.history' with resource 'org/camunda/bpm/engine/db/create/activiti.h2.create.decision.history.sql'
18:01:13.072 [main] INFO  org.camunda.bpm.engine.persistence - ENGINE-03067 No history level property found in database
18:01:13.074 [main] INFO  org.camunda.bpm.engine.persistence - ENGINE-03065 Creating historyLevel property in database for level: HistoryLevelFull(name=full, id=3)
18:01:13.084 [main] INFO  org.camunda.bpm.engine - ENGINE-00001 Process Engine default created.
18:01:13.387 [main] INFO  o.c.b.s.b.s.w.f.LazyInitRegistration - lazy initialized org.camunda.bpm.spring.boot.starter.webapp.filter.LazySecurityFilter@525b1b70
18:01:13.388 [main] INFO  o.c.b.s.b.s.w.f.LazyInitRegistration - lazy initialized org.camunda.bpm.spring.boot.starter.webapp.filter.LazyProcessEnginesFilter@401c4250
18:01:13.440 [main] INFO  o.a.coyote.http11.Http11NioProtocol - Starting ProtocolHandler ["http-nio-8082"]
18:01:13.453 [main] INFO  o.s.b.w.e.tomcat.TomcatWebServer - Tomcat started on port 8082 (http) with context path ''
18:01:13.459 [main] INFO  org.unicam.intermediate.Application - Started Application in 3.502 seconds (process running for 4.045)
18:01:13.461 [main] INFO  org.camunda.bpm.engine.jobexecutor - ENGINE-14014 Starting up the JobExecutor[org.camunda.bpm.engine.spring.components.jobexecutor.SpringJobExecutor].
18:01:13.462 [JobExecutor[org.camunda.bpm.engine.spring.components.jobexecutor.SpringJobExecutor]] INFO  org.camunda.bpm.engine.jobexecutor - ENGINE-14018 JobExecutor[org.camunda.bpm.engine.spring.components.jobexecutor.SpringJobExecutor] starting to acquire jobs
18:01:24.342 [http-nio-8082-exec-5] INFO  o.a.c.c.C.[Tomcat].[localhost].[/] - Initializing Spring DispatcherServlet 'dispatcherServlet'
18:01:24.342 [http-nio-8082-exec-5] INFO  o.s.web.servlet.DispatcherServlet - Initializing Servlet 'dispatcherServlet'
18:01:24.343 [http-nio-8082-exec-5] INFO  o.s.web.servlet.DispatcherServlet - Completed initialization in 1 ms
18:02:22.025 [http-nio-8082-exec-10] INFO  o.u.i.d.AnalyzeTemperatureDelegate - isCritical: true
18:02:22.027 [http-nio-8082-exec-10] INFO  o.u.i.activity.WaitStateActivity - [MOVEMENT: Wait state] Activity ID Move_To_Destination is waiting for an event.
18:02:28.507 [camundaTaskExecutor-1] INFO  o.u.i.d.AnalyzeTemperatureDelegate - isCritical: false
18:03:43.525 [camundaTaskExecutor-2] INFO  o.u.i.d.AnalyzeTemperatureDelegate - isCritical: true
18:03:43.526 [camundaTaskExecutor-2] INFO  o.u.i.activity.WaitStateActivity - [MOVEMENT: Wait state] Activity ID Move_To_Destination is waiting for an event.
18:03:47.690 [http-nio-8082-exec-9] WARN  o.s.w.s.m.s.DefaultHandlerExceptionResolver - Resolved [org.springframework.web.bind.MissingServletRequestParameterException: Required request parameter 'userId' for method parameter type String is not present]
18:03:58.539 [camundaTaskExecutor-3] INFO  o.u.i.d.AnalyzeTemperatureDelegate - isCritical: true
18:03:58.540 [camundaTaskExecutor-3] INFO  o.u.i.activity.WaitStateActivity - [MOVEMENT: Wait state] Activity ID Move_To_Destination is waiting for an event.
18:34:54.810 [SpringApplicationShutdownHook] INFO  org.camunda.bpm.engine.jobexecutor - ENGINE-14015 Shutting down the JobExecutor[org.camunda.bpm.engine.spring.components.jobexecutor.SpringJobExecutor]
18:34:54.810 [JobExecutor[org.camunda.bpm.engine.spring.components.jobexecutor.SpringJobExecutor]] INFO  org.camunda.bpm.engine.jobexecutor - ENGINE-14020 JobExecutor[org.camunda.bpm.engine.spring.components.jobexecutor.SpringJobExecutor] stopped job acquisition
18:34:54.812 [SpringApplicationShutdownHook] INFO  org.camunda.bpm.engine - ENGINE-00007 Process Engine default closed
18:34:54.812 [SpringApplicationShutdownHook] INFO  o.s.j.d.e.EmbeddedDatabaseFactory - Shutting down embedded database: url='jdbc:h2:mem:541c9c4c-8a42-4ed4-92e4-35939b8c206d;DB_CLOSE_DELAY=-1;DB_CLOSE_ON_EXIT=false'
19:19:21.262 [background-preinit] INFO  o.h.validator.internal.util.Version - HV000001: Hibernate Validator 8.0.1.Final
19:19:21.298 [main] INFO  org.unicam.intermediate.Application - Starting Application using Java 17.0.15 with PID 8448 (D:\Universita\CS\BPMNEnv-Camunda\target\classes started by Andrea in D:\Universita\CS\BPMNEnv-Camunda)
19:19:21.299 [main] INFO  org.unicam.intermediate.Application - No active profile set, falling back to 1 default profile: "default"
19:19:22.399 [main] INFO  o.s.b.w.e.tomcat.TomcatWebServer - Tomcat initialized with port 8082 (http)
19:19:22.408 [main] INFO  o.a.coyote.http11.Http11NioProtocol - Initializing ProtocolHandler ["http-nio-8082"]
19:19:22.410 [main] INFO  o.a.catalina.core.StandardService - Starting service [Tomcat]
19:19:22.410 [main] INFO  o.a.catalina.core.StandardEngine - Starting Servlet engine: [Apache Tomcat/10.1.20]
19:19:22.470 [main] INFO  o.a.c.c.C.[Tomcat].[localhost].[/] - Initializing Spring embedded WebApplicationContext
19:19:22.470 [main] INFO  o.s.b.w.s.c.ServletWebServerApplicationContext - Root WebApplicationContext: initialization completed in 1142 ms
19:19:22.488 [main] INFO  o.c.b.s.b.s.r.CamundaJerseyResourceConfig - Configuring camunda rest api.
19:19:22.501 [main] INFO  o.c.b.s.b.s.r.CamundaJerseyResourceConfig - Finished configuring camunda rest api.
19:19:22.739 [main] INFO  o.s.j.d.e.EmbeddedDatabaseFactory - Starting embedded database: url='jdbc:h2:mem:5f6728c1-e484-4a91-ae43-6abb739a644f;DB_CLOSE_DELAY=-1;DB_CLOSE_ON_EXIT=false', username='sa'
19:19:22.947 [main] INFO  org.camunda.bpm.spring.boot - STARTER-SB040 Setting up jobExecutor with corePoolSize=3, maxPoolSize:10
19:19:23.004 [main] INFO  org.camunda.bpm.engine.cfg - ENGINE-12003 Plugin 'CompositeProcessEnginePlugin[genericPropertiesConfiguration, camundaConfig, camundaProcessEngineConfiguration, camundaDatasourceConfiguration, camundaJobConfiguration, camundaHistoryConfiguration, camundaMetricsConfiguration, camundaAuthorizationConfiguration, camundaDeploymentConfiguration, failedJobConfiguration, , eventPublisherPlugin, ApplicationContextClassloaderSwitchPlugin]' activated on process engine 'default'
19:19:23.525 [main] INFO  org.camunda.bpm.spring.boot - STARTER-SB021 Auto-Deploying resources: [file [D:\Universita\CS\BPMNEnv-Camunda\target\classes\bpmn\diagram-23.bpmn]]
19:19:23.526 [main] INFO  o.c.b.s.b.s.e.EventPublisherPlugin - EVENTING-001: Initialized Camunda Spring Boot Eventing Engine Plugin.
19:19:23.526 [main] INFO  o.c.b.s.b.s.e.EventPublisherPlugin - EVENTING-003: Task events will be published as Spring Events.
19:19:23.526 [main] INFO  o.c.b.s.b.s.e.EventPublisherPlugin - EVENTING-005: Execution events will be published as Spring Events.
19:19:23.526 [main] INFO  o.c.b.s.b.s.e.EventPublisherPlugin - EVENTING-009: Listeners will not be invoked if a skipCustomListeners API parameter is set to true by user.
19:19:23.528 [main] INFO  o.c.b.s.b.s.e.EventPublisherPlugin - EVENTING-007: History events will be published as Spring events.
19:19:25.179 [main] INFO  org.camunda.bpm.engine.persistence - ENGINE-03016 Performing database operation 'create' on component 'engine' with resource 'org/camunda/bpm/engine/db/create/activiti.h2.create.engine.sql'
19:19:25.198 [main] INFO  org.camunda.bpm.engine.persistence - ENGINE-03016 Performing database operation 'create' on component 'history' with resource 'org/camunda/bpm/engine/db/create/activiti.h2.create.history.sql'
19:19:25.204 [main] INFO  org.camunda.bpm.engine.persistence - ENGINE-03016 Performing database operation 'create' on component 'identity' with resource 'org/camunda/bpm/engine/db/create/activiti.h2.create.identity.sql'
19:19:25.210 [main] INFO  org.camunda.bpm.engine.persistence - ENGINE-03016 Performing database operation 'create' on component 'case.engine' with resource 'org/camunda/bpm/engine/db/create/activiti.h2.create.case.engine.sql'
19:19:25.211 [main] INFO  org.camunda.bpm.engine.persistence - ENGINE-03016 Performing database operation 'create' on component 'case.history' with resource 'org/camunda/bpm/engine/db/create/activiti.h2.create.case.history.sql'
19:19:25.213 [main] INFO  org.camunda.bpm.engine.persistence - ENGINE-03016 Performing database operation 'create' on component 'decision.engine' with resource 'org/camunda/bpm/engine/db/create/activiti.h2.create.decision.engine.sql'
19:19:25.215 [main] INFO  org.camunda.bpm.engine.persistence - ENGINE-03016 Performing database operation 'create' on component 'decision.history' with resource 'org/camunda/bpm/engine/db/create/activiti.h2.create.decision.history.sql'
19:19:25.236 [main] INFO  org.camunda.bpm.engine.persistence - ENGINE-03067 No history level property found in database
19:19:25.238 [main] INFO  org.camunda.bpm.engine.persistence - ENGINE-03065 Creating historyLevel property in database for level: HistoryLevelFull(name=full, id=3)
19:19:25.250 [main] INFO  org.camunda.bpm.engine - ENGINE-00001 Process Engine default created.
19:19:25.577 [main] INFO  o.c.b.s.b.s.w.f.LazyInitRegistration - lazy initialized org.camunda.bpm.spring.boot.starter.webapp.filter.LazySecurityFilter@525b1b70
19:19:25.578 [main] INFO  o.c.b.s.b.s.w.f.LazyInitRegistration - lazy initialized org.camunda.bpm.spring.boot.starter.webapp.filter.LazyProcessEnginesFilter@401c4250
19:19:25.633 [main] INFO  o.a.coyote.http11.Http11NioProtocol - Starting ProtocolHandler ["http-nio-8082"]
19:19:25.645 [main] INFO  o.s.b.w.e.tomcat.TomcatWebServer - Tomcat started on port 8082 (http) with context path ''
19:19:25.652 [main] INFO  org.unicam.intermediate.Application - Started Application in 4.606 seconds (process running for 5.143)
19:19:25.654 [main] INFO  org.camunda.bpm.engine.jobexecutor - ENGINE-14014 Starting up the JobExecutor[org.camunda.bpm.engine.spring.components.jobexecutor.SpringJobExecutor].
19:19:25.655 [JobExecutor[org.camunda.bpm.engine.spring.components.jobexecutor.SpringJobExecutor]] INFO  org.camunda.bpm.engine.jobexecutor - ENGINE-14018 JobExecutor[org.camunda.bpm.engine.spring.components.jobexecutor.SpringJobExecutor] starting to acquire jobs
